<?xml version="1.0" encoding="UTF-8"?>
<testng-results ignored="0" total="2" passed="1" failed="1" skipped="0">
  <reporter-output>
  </reporter-output>
  <suite started-at="2024-02-10T11:21:43 IST" name="Suite" finished-at="2024-02-10T11:21:58 IST" duration-ms="14675">
    <groups>
    </groups>
    <test started-at="2024-02-10T11:21:43 IST" name="Test" finished-at="2024-02-10T11:21:58 IST" duration-ms="14675">
      <class name="testCases.Account_Registration">
        <test-method is-config="true" signature="setup(java.lang.String)[pri:0, instance:testCases.Account_Registration@72967906]" started-at="2024-02-10T11:21:43 IST" name="setup" finished-at="2024-02-10T11:21:49 IST" duration-ms="5746" status="PASS">
          <params>
            <param index="0">
              <value>
                <![CDATA[edge]]>
              </value>
            </param>
          </params>
          <reporter-output>
          </reporter-output>
        </test-method> <!-- setup -->
        <test-method signature="registration()[pri:0, instance:testCases.Account_Registration@72967906]" started-at="2024-02-10T11:21:49 IST" name="registration" finished-at="2024-02-10T11:21:54 IST" duration-ms="5339" status="FAIL">
          <exception class="org.openqa.selenium.ElementClickInterceptedException">
            <message>
              <![CDATA[element click intercepted: Element is not clickable at point (651, 603)
  (Session info: MicrosoftEdge=121.0.2277.106)
Build info: version: '4.17.0', revision: 'e52b1be057*'
System info: os.name: 'Windows 10', os.arch: 'amd64', os.version: '10.0', java.version: '20.0.2'
Driver info: org.openqa.selenium.edge.EdgeDriver
Command: [3d699307eb1271ce85d98f02f13bbfd0, clickElement {id=E3A002A2E1C2311C0C52C0FC2C1CEA64_element_76}]
Capabilities {acceptInsecureCerts: false, browserName: MicrosoftEdge, browserVersion: 121.0.2277.106, fedcm:accounts: true, ms:edgeOptions: {debuggerAddress: localhost:57669}, msedge: {msedgedriverVersion: 121.0.2277.112 (c44bb51ada3..., userDataDir: C:\Users\KITS\AppData\Local...}, networkConnectionEnabled: false, pageLoadStrategy: normal, platformName: windows, proxy: Proxy(), se:cdp: ws://localhost:57669/devtoo..., se:cdpVersion: 121.0.2277.106, setWindowRect: true, strictFileInteractability: false, timeouts: {implicit: 0, pageLoad: 300000, script: 30000}, unhandledPromptBehavior: dismiss and notify, webauthn:extension:credBlob: true, webauthn:extension:largeBlob: true, webauthn:extension:minPinLength: true, webauthn:extension:prf: true, webauthn:virtualAuthenticators: true}
Element: [[EdgeDriver: MicrosoftEdge on windows (3d699307eb1271ce85d98f02f13bbfd0)] -> xpath: //input[@name='agree']]
Session ID: 3d699307eb1271ce85d98f02f13bbfd0]]>
            </message>
            <full-stacktrace>
              <![CDATA[org.openqa.selenium.ElementClickInterceptedException: element click intercepted: Element is not clickable at point (651, 603)
  (Session info: MicrosoftEdge=121.0.2277.106)
Build info: version: '4.17.0', revision: 'e52b1be057*'
System info: os.name: 'Windows 10', os.arch: 'amd64', os.version: '10.0', java.version: '20.0.2'
Driver info: org.openqa.selenium.edge.EdgeDriver
Command: [3d699307eb1271ce85d98f02f13bbfd0, clickElement {id=E3A002A2E1C2311C0C52C0FC2C1CEA64_element_76}]
Capabilities {acceptInsecureCerts: false, browserName: MicrosoftEdge, browserVersion: 121.0.2277.106, fedcm:accounts: true, ms:edgeOptions: {debuggerAddress: localhost:57669}, msedge: {msedgedriverVersion: 121.0.2277.112 (c44bb51ada3..., userDataDir: C:\Users\KITS\AppData\Local...}, networkConnectionEnabled: false, pageLoadStrategy: normal, platformName: windows, proxy: Proxy(), se:cdp: ws://localhost:57669/devtoo..., se:cdpVersion: 121.0.2277.106, setWindowRect: true, strictFileInteractability: false, timeouts: {implicit: 0, pageLoad: 300000, script: 30000}, unhandledPromptBehavior: dismiss and notify, webauthn:extension:credBlob: true, webauthn:extension:largeBlob: true, webauthn:extension:minPinLength: true, webauthn:extension:prf: true, webauthn:virtualAuthenticators: true}
Element: [[EdgeDriver: MicrosoftEdge on windows (3d699307eb1271ce85d98f02f13bbfd0)] -> xpath: //input[@name='agree']]
Session ID: 3d699307eb1271ce85d98f02f13bbfd0
at java.base/jdk.internal.reflect.DirectConstructorHandleAccessor.newInstance(DirectConstructorHandleAccessor.java:67)
at java.base/java.lang.reflect.Constructor.newInstanceWithCaller(Constructor.java:500)
at java.base/java.lang.reflect.Constructor.newInstance(Constructor.java:484)
at org.openqa.selenium.remote.codec.w3c.W3CHttpResponseCodec.createException(W3CHttpResponseCodec.java:185)
at org.openqa.selenium.remote.codec.w3c.W3CHttpResponseCodec.decode(W3CHttpResponseCodec.java:134)
at org.openqa.selenium.remote.codec.w3c.W3CHttpResponseCodec.decode(W3CHttpResponseCodec.java:51)
at org.openqa.selenium.remote.HttpCommandExecutor.execute(HttpCommandExecutor.java:190)
at org.openqa.selenium.remote.service.DriverCommandExecutor.invokeExecute(DriverCommandExecutor.java:216)
at org.openqa.selenium.remote.service.DriverCommandExecutor.execute(DriverCommandExecutor.java:174)
at org.openqa.selenium.remote.RemoteWebDriver.execute(RemoteWebDriver.java:519)
at org.openqa.selenium.remote.RemoteWebElement.execute(RemoteWebElement.java:223)
at org.openqa.selenium.remote.RemoteWebElement.click(RemoteWebElement.java:76)
at java.base/jdk.internal.reflect.DirectMethodHandleAccessor.invoke(DirectMethodHandleAccessor.java:104)
at java.base/java.lang.reflect.Method.invoke(Method.java:578)
at org.openqa.selenium.support.pagefactory.internal.LocatingElementHandler.invoke(LocatingElementHandler.java:51)
at jdk.proxy2/jdk.proxy2.$Proxy44.click(Unknown Source)
at pageObjects.RegistartionPage.selectAgree(RegistartionPage.java:50)
at testCases.Account_Registration.registration(Account_Registration.java:35)
at java.base/jdk.internal.reflect.DirectMethodHandleAccessor.invoke(DirectMethodHandleAccessor.java:104)
at java.base/java.lang.reflect.Method.invoke(Method.java:578)
at org.testng.internal.invokers.MethodInvocationHelper.invokeMethod(MethodInvocationHelper.java:139)
at org.testng.internal.invokers.TestInvoker.invokeMethod(TestInvoker.java:664)
at org.testng.internal.invokers.TestInvoker.invokeTestMethod(TestInvoker.java:228)
at org.testng.internal.invokers.MethodRunner.runInSequence(MethodRunner.java:63)
at org.testng.internal.invokers.TestInvoker$MethodInvocationAgent.invoke(TestInvoker.java:961)
at org.testng.internal.invokers.TestInvoker.invokeTestMethods(TestInvoker.java:201)
at org.testng.internal.invokers.TestMethodWorker.invokeTestMethods(TestMethodWorker.java:148)
at org.testng.internal.invokers.TestMethodWorker.run(TestMethodWorker.java:128)
at java.base/java.util.ArrayList.forEach(ArrayList.java:1511)
at org.testng.TestRunner.privateRun(TestRunner.java:819)
at org.testng.TestRunner.run(TestRunner.java:619)
at org.testng.SuiteRunner.runTest(SuiteRunner.java:443)
at org.testng.SuiteRunner.runSequentially(SuiteRunner.java:437)
at org.testng.SuiteRunner.privateRun(SuiteRunner.java:397)
at org.testng.SuiteRunner.run(SuiteRunner.java:336)
at org.testng.SuiteRunnerWorker.runSuite(SuiteRunnerWorker.java:52)
at org.testng.SuiteRunnerWorker.run(SuiteRunnerWorker.java:95)
at org.testng.TestNG.runSuitesSequentially(TestNG.java:1301)
at org.testng.TestNG.runSuitesLocally(TestNG.java:1228)
at org.testng.TestNG.runSuites(TestNG.java:1134)
at org.testng.TestNG.run(TestNG.java:1101)
at org.apache.maven.surefire.testng.TestNGExecutor.run(TestNGExecutor.java:308)
at org.apache.maven.surefire.testng.TestNGXmlTestSuite.execute(TestNGXmlTestSuite.java:71)
at org.apache.maven.surefire.testng.TestNGProvider.invoke(TestNGProvider.java:113)
at org.apache.maven.surefire.booter.ForkedBooter.runSuitesInProcess(ForkedBooter.java:385)
at org.apache.maven.surefire.booter.ForkedBooter.execute(ForkedBooter.java:162)
at org.apache.maven.surefire.booter.ForkedBooter.run(ForkedBooter.java:507)
at org.apache.maven.surefire.booter.ForkedBooter.main(ForkedBooter.java:495)
]]>
            </full-stacktrace>
          </exception> <!-- org.openqa.selenium.ElementClickInterceptedException -->
          <reporter-output>
          </reporter-output>
        </test-method> <!-- registration -->
        <test-method is-config="true" signature="tearDown()[pri:0, instance:testCases.Account_Registration@72967906]" started-at="2024-02-10T11:21:54 IST" name="tearDown" finished-at="2024-02-10T11:21:58 IST" duration-ms="3518" status="PASS">
          <reporter-output>
          </reporter-output>
        </test-method> <!-- tearDown -->
      </class> <!-- testCases.Account_Registration -->
    </test> <!-- Test -->
  </suite> <!-- Suite -->
  <suite started-at="2024-02-10T11:21:58 IST" name="Suite (0)" finished-at="2024-02-10T11:22:06 IST" duration-ms="8520">
    <groups>
    </groups>
    <test started-at="2024-02-10T11:21:58 IST" name="Test" finished-at="2024-02-10T11:22:06 IST" duration-ms="8520">
      <class name="testCases.Login_Testcase">
        <test-method is-config="true" signature="setup(java.lang.String)[pri:0, instance:testCases.Login_Testcase@73a1e9a9]" started-at="2024-02-10T11:21:58 IST" name="setup" finished-at="2024-02-10T11:22:02 IST" duration-ms="3809" status="PASS">
          <params>
            <param index="0">
              <value>
                <![CDATA[chrome]]>
              </value>
            </param>
          </params>
          <reporter-output>
          </reporter-output>
        </test-method> <!-- setup -->
        <test-method signature="login()[pri:0, instance:testCases.Login_Testcase@73a1e9a9]" started-at="2024-02-10T11:22:02 IST" name="login" finished-at="2024-02-10T11:22:03 IST" duration-ms="1416" status="PASS">
          <reporter-output>
          </reporter-output>
        </test-method> <!-- login -->
        <test-method is-config="true" signature="tearDown()[pri:0, instance:testCases.Login_Testcase@73a1e9a9]" started-at="2024-02-10T11:22:03 IST" name="tearDown" finished-at="2024-02-10T11:22:06 IST" duration-ms="3291" status="PASS">
          <reporter-output>
          </reporter-output>
        </test-method> <!-- tearDown -->
      </class> <!-- testCases.Login_Testcase -->
    </test> <!-- Test -->
  </suite> <!-- Suite (0) -->
</testng-results>
