<?xml version="1.0" encoding="UTF-8"?>
<testng-results ignored="0" total="1" passed="1" failed="0" skipped="0">
  <reporter-output>
  </reporter-output>
  <suite started-at="2024-02-09T11:34:41 IST" name="Suite" finished-at="2024-02-09T11:34:52 IST" duration-ms="10195">
    <groups>
    </groups>
    <test started-at="2024-02-09T11:34:41 IST" name="Test" finished-at="2024-02-09T11:34:52 IST" duration-ms="10195">
      <class name="testCases.Login_Testcase">
        <test-method is-config="true" signature="setup(java.lang.String)[pri:0, instance:testCases.Login_Testcase@4b2bac3f]" started-at="2024-02-09T11:34:42 IST" name="setup" finished-at="2024-02-09T11:34:47 IST" duration-ms="5266" status="PASS">
          <params>
            <param index="0">
              <value>
                <![CDATA[chrome]]>
              </value>
            </param>
          </params>
          <reporter-output>
          </reporter-output>
        </test-method> <!-- setup -->
        <test-method signature="login()[pri:0, instance:testCases.Login_Testcase@4b2bac3f]" started-at="2024-02-09T11:34:47 IST" name="login" finished-at="2024-02-09T11:34:48 IST" duration-ms="1500" status="PASS">
          <reporter-output>
          </reporter-output>
        </test-method> <!-- login -->
        <test-method is-config="true" signature="tearDown()[pri:0, instance:testCases.Login_Testcase@4b2bac3f]" started-at="2024-02-09T11:34:48 IST" name="tearDown" finished-at="2024-02-09T11:34:52 IST" duration-ms="3341" status="PASS">
          <reporter-output>
          </reporter-output>
        </test-method> <!-- tearDown -->
      </class> <!-- testCases.Login_Testcase -->
    </test> <!-- Test -->
  </suite> <!-- Suite -->
</testng-results>
